::1 - - [01/May/2022:05:59:57 +0000] "POST / HTTP/1.1" 200 64 "-" "PostmanRuntime/7.29.0"
::1 - - [01/May/2022:06:00:43 +0000] "POST /users/signup HTTP/1.1" 201 49 "-" "PostmanRuntime/7.29.0"
::1 - - [01/May/2022:06:01:11 +0000] "POST /users/signup HTTP/1.1" 201 49 "-" "PostmanRuntime/7.29.0"
::1 - - [01/May/2022:06:01:24 +0000] "POST /users/login HTTP/1.1" 200 253 "-" "PostmanRuntime/7.29.0"
::1 - - [01/May/2022:06:02:38 +0000] "POST /users/createBoard HTTP/1.1" 200 107 "-" "PostmanRuntime/7.29.0"
::1 - - [01/May/2022:06:02:51 +0000] "POST /users/createBoard HTTP/1.1" 404 53 "-" "PostmanRuntime/7.29.0"
::1 - - [01/May/2022:06:03:57 +0000] "GET /users/getAllTasks=626e227e79f36ddb4ee7ec82 HTTP/1.1" 404 1974 "-" "PostmanRuntime/7.29.0"
::1 - - [01/May/2022:06:04:36 +0000] "GET /users/getAllTasks=12 HTTP/1.1" 404 1974 "-" "PostmanRuntime/7.29.0"
::1 - - [01/May/2022:06:05:47 +0000] "GET /users/getAllTasks=12 HTTP/1.1" 404 1974 "-" "PostmanRuntime/7.29.0"
::1 - - [01/May/2022:06:06:23 +0000] "POST /users/createBoard HTTP/1.1" 404 53 "-" "PostmanRuntime/7.29.0"
::1 - - [01/May/2022:06:07:32 +0000] "POST /users/createTask HTTP/1.1" 200 183 "-" "PostmanRuntime/7.29.0"
::1 - - [01/May/2022:06:07:55 +0000] "GET /users/readTask=626e23a4e68f7fdb8562d06d HTTP/1.1" 404 1974 "-" "PostmanRuntime/7.29.0"
::1 - - [01/May/2022:06:08:45 +0000] "POST /users/createTask HTTP/1.1" 200 182 "-" "PostmanRuntime/7.29.0"
::1 - - [01/May/2022:06:09:49 +0000] "GET /users/readTask?id=626e23ede68f7fdb8562d06f HTTP/1.1" 404 1974 "-" "PostmanRuntime/7.29.0"
::1 - - [01/May/2022:06:10:52 +0000] "GET /users/test_get HTTP/1.1" - - "-" "PostmanRuntime/7.29.0"
::1 - - [01/May/2022:06:11:46 +0000] "DELETE /users/deleteTask=626e222779f36ddb4ee7ec7e HTTP/1.1" 404 1974 "-" "PostmanRuntime/7.29.0"
::1 - - [01/May/2022:06:12:36 +0000] "DELETE /users/deleteTask=626e222779f36ddb4ee7ec7e HTTP/1.1" 404 1974 "-" "PostmanRuntime/7.29.0"
::1 - - [01/May/2022:06:13:16 +0000] "DELETE /users/deleteTask=626e222779f36ddb4ee7ec7e HTTP/1.1" 300 33 "-" "PostmanRuntime/7.29.0"
::1 - - [01/May/2022:06:14:37 +0000] "GET /users/getAllTasks=626e227e79f36ddb4ee7ec82 HTTP/1.1" 200 12 "-" "PostmanRuntime/7.29.0"
::1 - - [01/May/2022:06:15:03 +0000] "GET /users/getAllTasks=626e227e79f36ddb4ee7ec82 HTTP/1.1" 200 306 "-" "PostmanRuntime/7.29.0"
::1 - - [01/May/2022:06:16:02 +0000] "GET /users/readTask=626e227e79f36ddb4ee7ec82 HTTP/1.1" 400 34 "-" "PostmanRuntime/7.29.0"
::1 - - [01/May/2022:06:16:14 +0000] "GET /users/readTask=626e23a4e68f7fdb8562d06d HTTP/1.1" 200 156 "-" "PostmanRuntime/7.29.0"
::1 - - [01/May/2022:06:17:20 +0000] "DELETE /users/deleteTask=626e23a4e68f7fdb8562d06d HTTP/1.1" 200 43 "-" "PostmanRuntime/7.29.0"
::1 - - [01/May/2022:06:17:34 +0000] "DELETE /users/deleteTask=626e23a4e68f7fdb8562d06d HTTP/1.1" 200 43 "-" "PostmanRuntime/7.29.0"
::1 - - [01/May/2022:06:17:35 +0000] "DELETE /users/deleteTask=626e23a4e68f7fdb8562d06d HTTP/1.1" 200 43 "-" "PostmanRuntime/7.29.0"
::1 - - [01/May/2022:06:17:36 +0000] "DELETE /users/deleteTask=626e23a4e68f7fdb8562d06d HTTP/1.1" 200 43 "-" "PostmanRuntime/7.29.0"
::1 - - [01/May/2022:06:21:03 +0000] "DELETE /users/deleteTask=626e23a4e68f7fdb8562d06d HTTP/1.1" 200 43 "-" "PostmanRuntime/7.29.0"
::1 - - [01/May/2022:06:21:19 +0000] "DELETE /users/deleteTask=626e23a4e68f7fdb8562d06d HTTP/1.1" 200 43 "-" "PostmanRuntime/7.29.0"
::1 - - [01/May/2022:06:21:19 +0000] "DELETE /users/deleteTask=626e23a4e68f7fdb8562d06d HTTP/1.1" 200 43 "-" "PostmanRuntime/7.29.0"
::1 - - [01/May/2022:06:21:20 +0000] "DELETE /users/deleteTask=626e23a4e68f7fdb8562d06d HTTP/1.1" 200 43 "-" "PostmanRuntime/7.29.0"
::1 - - [01/May/2022:06:21:45 +0000] "DELETE /users/deleteTask=626e23a4e68f7fdb8562d06d HTTP/1.1" 200 43 "-" "PostmanRuntime/7.29.0"
::1 - - [01/May/2022:06:22:06 +0000] "DELETE /users/deleteTask=626e23a4e68f7fdb8562d06d HTTP/1.1" 400 34 "-" "PostmanRuntime/7.29.0"
::1 - - [01/May/2022:06:23:51 +0000] "POST /users/createTask HTTP/1.1" 200 182 "-" "PostmanRuntime/7.29.0"
::1 - - [01/May/2022:06:23:55 +0000] "POST /users/createTask HTTP/1.1" 200 182 "-" "PostmanRuntime/7.29.0"
::1 - - [01/May/2022:06:24:26 +0000] "DELETE /users/deleteTask=626e277b0f192edc477e528c HTTP/1.1" 200 43 "-" "PostmanRuntime/7.29.0"
::1 - - [01/May/2022:06:24:34 +0000] "DELETE /users/deleteTask=626e277b0f192edc477e528c HTTP/1.1" 400 34 "-" "PostmanRuntime/7.29.0"
::1 - - [01/May/2022:06:33:14 +0000] "PUT /users/updateTask=626e23ede68f7fdb8562d06f HTTP/1.1" 200 30 "-" "PostmanRuntime/7.29.0"
::1 - - [01/May/2022:06:33:31 +0000] "PUT /users/updateTask=626e23ede68f7fdb8562d06f HTTP/1.1" 200 30 "-" "PostmanRuntime/7.29.0"
::1 - - [01/May/2022:06:45:09 +0000] "PUT /users/update_settings HTTP/1.1" 200 30 "-" "PostmanRuntime/7.29.0"
::1 - - [01/May/2022:06:45:57 +0000] "POST /users/login HTTP/1.1" - - "-" "PostmanRuntime/7.29.0"
::1 - - [01/May/2022:06:46:01 +0000] "POST /users/login HTTP/1.1" 200 253 "-" "PostmanRuntime/7.29.0"
::1 - - [01/May/2022:06:46:07 +0000] "POST /users/login HTTP/1.1" 200 253 "-" "PostmanRuntime/7.29.0"
::1 - - [01/May/2022:06:46:45 +0000] "PUT /users/update_settings HTTP/1.1" 200 30 "-" "PostmanRuntime/7.29.0"
::1 - - [01/May/2022:06:46:48 +0000] "POST /users/login HTTP/1.1" 200 253 "-" "PostmanRuntime/7.29.0"
::1 - - [01/May/2022:06:46:52 +0000] "PUT /users/update_settings HTTP/1.1" 200 30 "-" "PostmanRuntime/7.29.0"
::1 - - [01/May/2022:06:47:21 +0000] "PUT /users/update_settings HTTP/1.1" 200 30 "-" "PostmanRuntime/7.29.0"
::1 - - [01/May/2022:06:48:06 +0000] "PUT /users/update_settings HTTP/1.1" 200 30 "-" "PostmanRuntime/7.29.0"
::1 - - [01/May/2022:06:48:31 +0000] "POST /users/login HTTP/1.1" - - "-" "PostmanRuntime/7.29.0"
::1 - - [01/May/2022:06:48:37 +0000] "POST /users/login HTTP/1.1" 200 253 "-" "PostmanRuntime/7.29.0"
::1 - - [01/May/2022:06:49:21 +0000] "POST /users/login HTTP/1.1" 200 253 "-" "PostmanRuntime/7.29.0"
::1 - - [01/May/2022:06:49:25 +0000] "POST /users/login HTTP/1.1" 404 28 "-" "PostmanRuntime/7.29.0"
